<?xml version="1.0" encoding="UTF-8"?>
<!-- Generated by org.testng.reporters.JUnitReportReporter -->
<testsuite hostname="Yashs-rog-strix-LAPTOP-9TKB3RCP" failures="0" tests="1" name="tests.test" time="10.058" errors="0" timestamp="2025-05-29T00:03:36 IST" skipped="0">
  <testcase classname="tests.test" name="test" time="10.058"/>
</testsuite> <!-- tests.test -->
