<?xml version="1.0" encoding="UTF-8"?>
<!-- Generated by org.testng.reporters.JUnitReportReporter -->
<testsuite hostname="Yashs-rog-strix-LAPTOP-9TKB3RCP" failures="0" tests="3" name="tests.DummyTestCase" time="45.180" errors="0" timestamp="2025-06-03T19:10:07 IST" skipped="0">
  <testcase classname="tests.DummyTestCase" name="tc1" time="12.677"/>
  <testcase classname="tests.DummyTestCase" name="tc2" time="18.192"/>
  <testcase classname="tests.DummyTestCase" name="tc3" time="14.311"/>
</testsuite> <!-- tests.DummyTestCase -->
