<?xml version="1.0" encoding="UTF-8"?>
<!-- Generated by org.testng.reporters.JUnitReportReporter -->
<testsuite hostname="Yashs-rog-strix-LAPTOP-9TKB3RCP" failures="0" tests="2" name="tests.TestCase" time="54.540" errors="0" timestamp="2025-06-20T10:05:17 IST" skipped="0">
  <testcase classname="tests.TestCase" name="TaskCreationTest" time="26.279"/>
  <testcase classname="tests.TestCase" name="TaskCreationTest" time="28.261"/>
</testsuite> <!-- tests.TestCase -->
